<?xml version="1.0" encoding="UTF-8"?>
<!-- Generated by org.testng.reporters.JUnitReportReporter -->
<testsuite hostname="DESKTOP-JD4STBB" failures="0" tests="3" name="com.testing.CrossBrowserTestNG" time="30.181" errors="0" timestamp="2024-09-27T20:25:47 EDT" skipped="0">
  <testcase classname="com.testing.CrossBrowserTestNG" name="getCrossBrowser" time="8.362"/>
  <system-out/>
  <testcase classname="com.testing.CrossBrowserTestNG" name="getCrossBrowser" time="7.390"/>
  <system-out/>
  <testcase classname="com.testing.CrossBrowserTestNG" name="getCrossBrowser" time="14.429"/>
  <system-out/>
</testsuite> <!-- com.testing.CrossBrowserTestNG -->
