<?xml version="1.0" encoding="UTF-8"?>
<!-- Generated by org.testng.reporters.JUnitReportReporter -->
<testsuite hostname="DESKTOP-JD4STBB" failures="0" tests="1" name="com.testing.PracticeTestReportTestNG" time="9.724" errors="0" timestamp="2024-09-27T21:14:13 EDT" skipped="0">
  <testcase classname="com.testing.PracticeTestReportTestNG" name="getLogin" time="9.724"/>
  <system-out/>
</testsuite> <!-- com.testing.PracticeTestReportTestNG -->
