<?xml version="1.0" encoding="UTF-8"?>
<!-- Generated by org.testng.reporters.JUnitReportReporter -->
<testsuite hostname="DESKTOP-JD4STBB" failures="0" tests="1" name="com.testing.PracticeAnnotation" time="0.011" errors="0" timestamp="2024-09-21T13:02:47 EDT" skipped="0">
  <testcase classname="com.testing.PracticeAnnotation" name="getCart" time="0.011"/>
  <system-out/>
</testsuite> <!-- com.testing.PracticeAnnotation -->
