<?xml version="1.0" encoding="UTF-8"?>
<!-- Generated by org.testng.reporters.JUnitReportReporter -->
<testsuite hostname="DESKTOP-JD4STBB" failures="0" tests="1" name="com.testing.ParameterTestNG" time="0.017" errors="0" timestamp="2024-09-23T14:55:13 EDT" skipped="0">
  <testcase classname="com.testing.ParameterTestNG" name="getName" time="0.017"/>
  <system-out/>
</testsuite> <!-- com.testing.ParameterTestNG -->
