<?xml version="1.0" encoding="UTF-8"?>
<!-- Generated by org.testng.reporters.JUnitReportReporter -->
<testsuite hostname="DESKTOP-JD4STBB" failures="0" tests="1" name="com.testing.AutoExerciseLogin" time="12.070" errors="0" timestamp="2024-09-24T11:58:56 EDT" skipped="0">
  <testcase classname="com.testing.AutoExerciseLogin" name="getLogin" time="12.070"/>
  <system-out/>
</testsuite> <!-- com.testing.AutoExerciseLogin -->
