<?xml version="1.0" encoding="UTF-8"?>
<!-- Generated by org.testng.reporters.JUnitReportReporter -->
<testsuite hostname="DESKTOP-JD4STBB" failures="0" tests="1" name="com.testing.PricticeDropDownTestNG" time="16.291" errors="0" timestamp="2024-09-24T11:58:56 EDT" skipped="0">
  <testcase classname="com.testing.PricticeDropDownTestNG" name="getDropDown" time="16.291"/>
  <system-out/>
</testsuite> <!-- com.testing.PricticeDropDownTestNG -->
