<?xml version="1.0" encoding="UTF-8"?>
<!-- Generated by org.testng.reporters.JUnitReportReporter -->
<testsuite hostname="DESKTOP-JD4STBB" failures="0" tests="1" name="com.testing.AutoExerciseLogin" time="8.129" errors="0" timestamp="2024-10-07T22:10:12 EDT" skipped="0">
  <testcase classname="com.testing.AutoExerciseLogin" name="getLogin" time="8.129"/>
  <system-out/>
</testsuite> <!-- com.testing.AutoExerciseLogin -->
